0 info it worked if it ends with ok
1 verbose cli [ 'C:\\Program Files (x86)\\nodejs\\node.exe',
1 verbose cli   'C:\\Users\\Alexander\\AppData\\Roaming\\npm\\node_modules\\npm\\bin\\npm-cli.js',
1 verbose cli   'run',
1 verbose cli   'publish' ]
2 info using npm@3.10.7
3 info using node@v4.6.0
4 verbose run-script [ 'prepublish', 'publish', 'postpublish' ]
5 info lifecycle ui@0.0.13~prepublish: ui@0.0.13
6 silly lifecycle ui@0.0.13~prepublish: no script for prepublish, continuing
7 info lifecycle ui@0.0.13~publish: ui@0.0.13
8 verbose lifecycle ui@0.0.13~publish: unsafe-perm in lifecycle true
9 verbose lifecycle ui@0.0.13~publish: PATH: C:\Users\Alexander\AppData\Roaming\npm\node_modules\npm\bin\node-gyp-bin;C:\Users\Alexander\Source\Repos\Curragh\ui\node_modules\.bin;.;C:\cygwin\bin;C:\WinAVR-20100110\bin;C:\WinAVR-20100110\utils\bin;C:\WINDOWS\system32;C:\WINDOWS;C:\WINDOWS\System32\Wbem;C:\WINDOWS\System32\WindowsPowerShell\v1.0\;C:\Program Files (x86)\nodejs\;C:\Program Files\Microsoft SQL Server\130\Tools\Binn\;C:\Program Files\dotnet\;C:\Program Files\Microsoft DNX\Dnvm\;C:\Program Files\Git\cmd;C:\Users\Alexander\AppData\Local\Programs\Python\Python35-32\Scripts\;C:\Users\Alexander\AppData\Local\Programs\Python\Python35-32\;C:\Program Files (x86)\Microsoft VS Code\bin;C:\Users\Alexander\AppData\Local\Microsoft\WindowsApps;C:\Users\Alexander\AppData\Roaming\npm;C:\Program Files\nodejs
10 verbose lifecycle ui@0.0.13~publish: CWD: C:\Users\Alexander\Source\Repos\Curragh\ui
11 silly lifecycle ui@0.0.13~publish: Args: [ '/d /s /c',
11 silly lifecycle   'npm run build && git add .npm && git commit -m \'publish\' && version patch && git push && git push github' ]
12 silly lifecycle ui@0.0.13~publish: Returned: code: 128  signal: null
13 info lifecycle ui@0.0.13~publish: Failed to exec publish script
14 verbose stack Error: ui@0.0.13 publish: `npm run build && git add .npm && git commit -m 'publish' && version patch && git push && git push github`
14 verbose stack Exit status 128
14 verbose stack     at EventEmitter.<anonymous> (C:\Users\Alexander\AppData\Roaming\npm\node_modules\npm\lib\utils\lifecycle.js:255:16)
14 verbose stack     at emitTwo (events.js:87:13)
14 verbose stack     at EventEmitter.emit (events.js:172:7)
14 verbose stack     at ChildProcess.<anonymous> (C:\Users\Alexander\AppData\Roaming\npm\node_modules\npm\lib\utils\spawn.js:40:14)
14 verbose stack     at emitTwo (events.js:87:13)
14 verbose stack     at ChildProcess.emit (events.js:172:7)
14 verbose stack     at maybeClose (internal/child_process.js:829:16)
14 verbose stack     at Process.ChildProcess._handle.onexit (internal/child_process.js:211:5)
15 verbose pkgid ui@0.0.13
16 verbose cwd C:\Users\Alexander\Source\Repos\Curragh\ui
17 error Windows_NT 10.0.14393
18 error argv "C:\\Program Files (x86)\\nodejs\\node.exe" "C:\\Users\\Alexander\\AppData\\Roaming\\npm\\node_modules\\npm\\bin\\npm-cli.js" "run" "publish"
19 error node v4.6.0
20 error npm  v3.10.7
21 error code ELIFECYCLE
22 error ui@0.0.13 publish: `npm run build && git add .npm && git commit -m 'publish' && version patch && git push && git push github`
22 error Exit status 128
23 error Failed at the ui@0.0.13 publish script 'npm run build && git add .npm && git commit -m 'publish' && version patch && git push && git push github'.
23 error Make sure you have the latest version of node.js and npm installed.
23 error If you do, this is most likely a problem with the ui package,
23 error not with npm itself.
23 error Tell the author that this fails on your system:
23 error     npm run build && git add .npm && git commit -m 'publish' && version patch && git push && git push github
23 error You can get information on how to open an issue for this project with:
23 error     npm bugs ui
23 error Or if that isn't available, you can get their info via:
23 error     npm owner ls ui
23 error There is likely additional logging output above.
24 verbose exit [ 1, true ]
